
Started Import Process
# System Details: 
Debug Mode 		: Disabled
Operating System 	: WINNT
Software 		: Apache/2.4.54 (Win64) OpenSSL/1.1.1q PHP/8.1.10
MySQL version 		: 8.0.30
XML Reader 		: Yes
PHP Version 		: 8.1.10
PHP Max Input Vars 	: 1000
PHP Max Post Size 	: 2G
PHP Extension GD 	: Yes
PHP Max Execution Time 	: 36000
Max Upload Size 	: 2 GB
Memory Limit 		: Current memory limit 40M. We recommend setting memory to at least 64M.
Timezone 		: 0

-----

Importing Started! - 10:41:40 UTC
---

WHY IMPORT PROCESS CAN FAIL? READ THIS - 
https://wpastra.com/docs/?p=1314&utm_source=demo-import-panel&utm_campaign=import-error&utm_medium=wp-dashboard

---

Started Import Process
# System Details: 
Debug Mode 		: Disabled
Operating System 	: WINNT
Software 		: Apache/2.4.54 (Win64) OpenSSL/1.1.1q PHP/8.1.10
MySQL version 		: 8.0.30
XML Reader 		: Yes
PHP Version 		: 8.1.10
PHP Max Input Vars 	: 1000
PHP Max Post Size 	: 2G
PHP Extension GD 	: Yes
PHP Max Execution Time 	: 36000
Max Upload Size 	: 2 GB
Memory Limit 		: Current memory limit 40M. We recommend setting memory to at least 64M.
Timezone 		: 0

-----

Importing Started! - 10:50:22 UTC
---

WHY IMPORT PROCESS CAN FAIL? READ THIS - 
https://wpastra.com/docs/?p=1314&utm_source=demo-import-panel&utm_campaign=import-error&utm_medium=wp-dashboard

---

Started Import Process
# System Details: 
Debug Mode 		: Disabled
Operating System 	: WINNT
Software 		: Apache/2.4.54 (Win64) OpenSSL/1.1.1q PHP/8.1.10
MySQL version 		: 8.0.30
XML Reader 		: Yes
PHP Version 		: 8.1.10
PHP Max Input Vars 	: 1000
PHP Max Post Size 	: 2G
PHP Extension GD 	: Yes
PHP Max Execution Time 	: 36000
Max Upload Size 	: 2 GB
Memory Limit 		: Current memory limit 40M. We recommend setting memory to at least 64M.
Timezone 		: 0

-----

Importing Started! - 11:05:47 UTC
---

WHY IMPORT PROCESS CAN FAIL? READ THIS - 
https://wpastra.com/docs/?p=1314&utm_source=demo-import-panel&utm_campaign=import-error&utm_medium=wp-dashboard

---

Inserted WP Form 13
Batch Process Started..
Starter Templates - Importing Images for Blog name 'HAIR RAP BY YOYO' (1)
Started Import Process
# System Details: 
Debug Mode 		: Disabled
Operating System 	: WINNT
Software 		: Apache/2.4.54 (Win64) OpenSSL/1.1.1q PHP/8.1.10
MySQL version 		: 8.0.30
XML Reader 		: Yes
PHP Version 		: 8.1.10
PHP Max Input Vars 	: 1000
PHP Max Post Size 	: 2G
PHP Extension GD 	: Yes
PHP Max Execution Time 	: 36000
Max Upload Size 	: 2 GB
Memory Limit 		: Current memory limit 40M. We recommend setting memory to at least 64M.
Timezone 		: 0

-----

Importing Started! - 11:11:19 UTC
---

WHY IMPORT PROCESS CAN FAIL? READ THIS - 
https://wpastra.com/docs/?p=1314&utm_source=demo-import-panel&utm_campaign=import-error&utm_medium=wp-dashboard

---

Batch Process Started..
Starter Templates - Importing Images for Blog name 'HAIR RAP BY YOYO' (1)